mode: atomic
github.com/munnik/go-nmea/mwv.go:49.42,61.2 4 8
github.com/munnik/go-nmea/mwv.go:64.54,65.70 1 4
github.com/munnik/go-nmea/mwv.go:70.2,70.46 1 3
github.com/munnik/go-nmea/mwv.go:65.70,66.47 1 1
github.com/munnik/go-nmea/mwv.go:66.47,68.4 1 1
github.com/munnik/go-nmea/mwv.go:74.58,75.74 1 4
github.com/munnik/go-nmea/mwv.go:80.2,80.46 1 3
github.com/munnik/go-nmea/mwv.go:75.74,76.47 1 1
github.com/munnik/go-nmea/mwv.go:76.47,78.4 1 1
github.com/munnik/go-nmea/mwv.go:84.46,85.80 1 6
github.com/munnik/go-nmea/mwv.go:95.2,95.46 1 3
github.com/munnik/go-nmea/mwv.go:85.80,86.32 1 4
github.com/munnik/go-nmea/mwv.go:87.25,88.17 1 1
github.com/munnik/go-nmea/mwv.go:89.25,90.74 1 1
github.com/munnik/go-nmea/mwv.go:91.27,92.61 1 1
github.com/munnik/go-nmea/rte.go:25.42,36.2 3 12
github.com/munnik/go-nmea/gll.go:25.42,35.2 3 6
github.com/munnik/go-nmea/gll.go:38.56,39.34 1 4
github.com/munnik/go-nmea/gll.go:46.2,46.49 1 3
github.com/munnik/go-nmea/gll.go:39.34,40.53 1 3
github.com/munnik/go-nmea/gll.go:40.53,41.55 1 2
github.com/munnik/go-nmea/gll.go:41.55,43.5 1 1
github.com/munnik/go-nmea/gsa.go:33.42,42.26 4 6
github.com/munnik/go-nmea/gsa.go:48.2,51.19 4 6
github.com/munnik/go-nmea/gsa.go:42.26,43.59 1 72
github.com/munnik/go-nmea/gsa.go:43.59,45.4 1 36
github.com/munnik/go-nmea/gsa.go:55.53,57.2 1 1
github.com/munnik/go-nmea/gsa.go:60.43,61.48 1 2
github.com/munnik/go-nmea/gsa.go:64.2,64.47 1 1
github.com/munnik/go-nmea/gsa.go:61.48,63.3 1 1
github.com/munnik/go-nmea/gst.go:30.42,45.2 4 2
github.com/munnik/go-nmea/hev.go:16.42,24.2 4 4
github.com/munnik/go-nmea/hev.go:27.42,28.46 1 2
github.com/munnik/go-nmea/hev.go:31.2,31.46 1 1
github.com/munnik/go-nmea/hev.go:28.46,30.3 1 1
github.com/munnik/go-nmea/mtk.go:16.42,25.2 4 6
github.com/munnik/go-nmea/dbs.go:24.42,33.2 3 2
github.com/munnik/go-nmea/dbs.go:36.54,37.52 1 5
github.com/munnik/go-nmea/dbs.go:40.2,40.50 1 3
github.com/munnik/go-nmea/dbs.go:43.2,43.53 1 2
github.com/munnik/go-nmea/dbs.go:46.2,46.46 1 1
github.com/munnik/go-nmea/dbs.go:37.52,39.3 1 2
github.com/munnik/go-nmea/dbs.go:40.50,42.3 1 1
github.com/munnik/go-nmea/dbs.go:43.53,45.3 1 1
github.com/munnik/go-nmea/dbt.go:24.42,33.2 3 2
github.com/munnik/go-nmea/dbt.go:36.57,37.52 1 5
github.com/munnik/go-nmea/dbt.go:40.2,40.50 1 3
github.com/munnik/go-nmea/dbt.go:43.2,43.53 1 2
github.com/munnik/go-nmea/dbt.go:46.2,46.46 1 1
github.com/munnik/go-nmea/dbt.go:37.52,39.3 1 2
github.com/munnik/go-nmea/dbt.go:40.50,42.3 1 1
github.com/munnik/go-nmea/dbt.go:43.53,45.3 1 1
github.com/munnik/go-nmea/gga.go:40.42,56.2 3 8
github.com/munnik/go-nmea/gga.go:59.53,60.54 1 6
github.com/munnik/go-nmea/gga.go:63.2,63.46 1 1
github.com/munnik/go-nmea/gga.go:60.54,62.3 1 5
github.com/munnik/go-nmea/gga.go:67.65,68.61 1 6
github.com/munnik/go-nmea/gga.go:77.2,77.52 1 5
github.com/munnik/go-nmea/gga.go:68.61,69.57 1 4
github.com/munnik/go-nmea/gga.go:69.57,70.60 1 3
github.com/munnik/go-nmea/gga.go:70.60,71.59 1 2
github.com/munnik/go-nmea/gga.go:71.59,73.6 1 1
github.com/munnik/go-nmea/gga.go:81.46,82.51 1 6
github.com/munnik/go-nmea/gga.go:85.2,85.47 1 1
github.com/munnik/go-nmea/gga.go:82.51,84.3 1 5
github.com/munnik/go-nmea/sentence.go:50.39,52.2 1 9
github.com/munnik/go-nmea/sentence.go:55.41,57.2 1 1
github.com/munnik/go-nmea/sentence.go:60.41,62.2 1 1
github.com/munnik/go-nmea/sentence.go:65.39,65.55 1 109
github.com/munnik/go-nmea/sentence.go:68.54,75.29 4 341
github.com/munnik/go-nmea/sentence.go:81.2,82.21 2 341
github.com/munnik/go-nmea/sentence.go:85.2,86.23 2 337
github.com/munnik/go-nmea/sentence.go:89.2,96.29 2 336
github.com/munnik/go-nmea/sentence.go:100.2,108.8 2 287
github.com/munnik/go-nmea/sentence.go:75.29,79.3 3 8
github.com/munnik/go-nmea/sentence.go:82.21,84.3 1 4
github.com/munnik/go-nmea/sentence.go:86.23,88.3 1 1
github.com/munnik/go-nmea/sentence.go:96.29,99.3 1 49
github.com/munnik/go-nmea/sentence.go:112.45,113.34 1 287
github.com/munnik/go-nmea/sentence.go:116.2,116.31 1 281
github.com/munnik/go-nmea/sentence.go:119.2,119.16 1 280
github.com/munnik/go-nmea/sentence.go:122.2,122.21 1 280
github.com/munnik/go-nmea/sentence.go:113.34,115.3 1 6
github.com/munnik/go-nmea/sentence.go:116.31,118.3 1 1
github.com/munnik/go-nmea/sentence.go:119.16,121.3 1 0
github.com/munnik/go-nmea/sentence.go:127.32,129.30 2 343
github.com/munnik/go-nmea/sentence.go:132.2,132.38 1 343
github.com/munnik/go-nmea/sentence.go:129.30,131.3 1 14744
github.com/munnik/go-nmea/sentence.go:136.65,137.61 1 3
github.com/munnik/go-nmea/sentence.go:137.61,138.13 1 1
github.com/munnik/go-nmea/sentence.go:143.67,147.46 3 7
github.com/munnik/go-nmea/sentence.go:151.2,152.12 2 5
github.com/munnik/go-nmea/sentence.go:147.46,149.3 1 2
github.com/munnik/go-nmea/sentence.go:156.42,158.16 2 341
github.com/munnik/go-nmea/sentence.go:163.2,163.45 1 287
github.com/munnik/go-nmea/sentence.go:167.2,167.45 1 286
github.com/munnik/go-nmea/sentence.go:226.2,226.57 1 109
github.com/munnik/go-nmea/sentence.go:232.2,232.80 1 1
github.com/munnik/go-nmea/sentence.go:158.16,160.3 1 54
github.com/munnik/go-nmea/sentence.go:163.45,165.3 1 1
github.com/munnik/go-nmea/sentence.go:167.45,170.19 1 178
github.com/munnik/go-nmea/sentence.go:175.3,175.17 1 172
github.com/munnik/go-nmea/sentence.go:171.16,172.20 1 6
github.com/munnik/go-nmea/sentence.go:176.16,177.20 1 33
github.com/munnik/go-nmea/sentence.go:178.16,179.20 1 8
github.com/munnik/go-nmea/sentence.go:180.16,181.20 1 6
github.com/munnik/go-nmea/sentence.go:182.16,183.20 1 6
github.com/munnik/go-nmea/sentence.go:184.16,185.20 1 2
github.com/munnik/go-nmea/sentence.go:186.16,187.20 1 4
github.com/munnik/go-nmea/sentence.go:188.18,189.22 1 0
github.com/munnik/go-nmea/sentence.go:190.16,191.20 1 18
github.com/munnik/go-nmea/sentence.go:192.16,193.20 1 6
github.com/munnik/go-nmea/sentence.go:194.16,195.20 1 18
github.com/munnik/go-nmea/sentence.go:196.16,197.20 1 14
github.com/munnik/go-nmea/sentence.go:198.16,199.20 1 6
github.com/munnik/go-nmea/sentence.go:200.16,201.20 1 12
github.com/munnik/go-nmea/sentence.go:202.16,203.20 1 2
github.com/munnik/go-nmea/sentence.go:204.16,205.20 1 4
github.com/munnik/go-nmea/sentence.go:206.16,207.20 1 2
github.com/munnik/go-nmea/sentence.go:208.16,209.20 1 2
github.com/munnik/go-nmea/sentence.go:210.16,211.20 1 4
github.com/munnik/go-nmea/sentence.go:212.16,213.20 1 2
github.com/munnik/go-nmea/sentence.go:214.16,215.20 1 2
github.com/munnik/go-nmea/sentence.go:216.16,217.20 1 8
github.com/munnik/go-nmea/sentence.go:218.16,219.20 1 8
github.com/munnik/go-nmea/sentence.go:220.16,221.20 1 2
github.com/munnik/go-nmea/sentence.go:222.16,223.20 1 2
github.com/munnik/go-nmea/sentence.go:226.57,227.17 1 108
github.com/munnik/go-nmea/sentence.go:228.25,229.23 1 108
github.com/munnik/go-nmea/vdmvdo.go:166.13,170.2 3 1
github.com/munnik/go-nmea/vdmvdo.go:173.48,184.16 4 108
github.com/munnik/go-nmea/vdmvdo.go:187.2,187.19 1 103
github.com/munnik/go-nmea/vdmvdo.go:190.2,190.19 1 103
github.com/munnik/go-nmea/vdmvdo.go:184.16,186.3 1 5
github.com/munnik/go-nmea/vdmvdo.go:187.19,189.3 1 69
github.com/munnik/go-nmea/vdmvdo.go:193.79,196.59 2 0
github.com/munnik/go-nmea/vdmvdo.go:201.2,201.20 1 0
github.com/munnik/go-nmea/vdmvdo.go:196.59,199.3 2 0
github.com/munnik/go-nmea/vdmvdo.go:204.79,205.21 1 0
github.com/munnik/go-nmea/vdmvdo.go:208.2,210.63 3 0
github.com/munnik/go-nmea/vdmvdo.go:215.2,215.45 1 0
github.com/munnik/go-nmea/vdmvdo.go:220.2,220.38 1 0
github.com/munnik/go-nmea/vdmvdo.go:205.21,207.3 1 0
github.com/munnik/go-nmea/vdmvdo.go:210.63,214.3 3 0
github.com/munnik/go-nmea/vdmvdo.go:215.45,216.17 1 0
github.com/munnik/go-nmea/vdmvdo.go:216.17,218.4 1 0
github.com/munnik/go-nmea/vdmvdo.go:224.47,225.125 1 4
github.com/munnik/go-nmea/vdmvdo.go:228.2,228.85 1 4
github.com/munnik/go-nmea/vdmvdo.go:231.2,231.47 1 3
github.com/munnik/go-nmea/vdmvdo.go:225.125,227.3 1 0
github.com/munnik/go-nmea/vdmvdo.go:228.85,230.3 1 1
github.com/munnik/go-nmea/vdmvdo.go:235.48,236.240 1 4
github.com/munnik/go-nmea/vdmvdo.go:243.2,243.47 1 4
github.com/munnik/go-nmea/vdmvdo.go:236.240,238.17 2 0
github.com/munnik/go-nmea/vdmvdo.go:241.3,241.24 1 0
github.com/munnik/go-nmea/vdmvdo.go:238.17,240.4 1 0
github.com/munnik/go-nmea/vdmvdo.go:247.48,248.85 1 4
github.com/munnik/go-nmea/vdmvdo.go:251.2,251.47 1 3
github.com/munnik/go-nmea/vdmvdo.go:248.85,250.3 1 1
github.com/munnik/go-nmea/vdmvdo.go:255.43,256.52 1 4
github.com/munnik/go-nmea/vdmvdo.go:259.2,259.41 1 4
github.com/munnik/go-nmea/vdmvdo.go:256.52,258.3 1 0
github.com/munnik/go-nmea/vdmvdo.go:263.55,264.85 1 4
github.com/munnik/go-nmea/vdmvdo.go:267.2,267.47 1 1
github.com/munnik/go-nmea/vdmvdo.go:264.85,266.3 1 3
github.com/munnik/go-nmea/vdmvdo.go:271.50,272.240 1 4
github.com/munnik/go-nmea/vdmvdo.go:279.2,279.85 1 4
github.com/munnik/go-nmea/vdmvdo.go:282.2,282.46 1 3
github.com/munnik/go-nmea/vdmvdo.go:272.240,274.17 2 0
github.com/munnik/go-nmea/vdmvdo.go:277.3,277.60 1 0
github.com/munnik/go-nmea/vdmvdo.go:274.17,276.4 1 0
github.com/munnik/go-nmea/vdmvdo.go:279.85,281.3 1 1
github.com/munnik/go-nmea/vdmvdo.go:286.52,287.240 1 4
github.com/munnik/go-nmea/vdmvdo.go:294.2,294.85 1 4
github.com/munnik/go-nmea/vdmvdo.go:297.2,297.46 1 3
github.com/munnik/go-nmea/vdmvdo.go:287.240,289.17 2 0
github.com/munnik/go-nmea/vdmvdo.go:292.3,292.62 1 0
github.com/munnik/go-nmea/vdmvdo.go:289.17,291.4 1 0
github.com/munnik/go-nmea/vdmvdo.go:294.85,296.3 1 1
github.com/munnik/go-nmea/vdmvdo.go:301.49,302.125 1 4
github.com/munnik/go-nmea/vdmvdo.go:305.2,305.85 1 4
github.com/munnik/go-nmea/vdmvdo.go:308.2,308.47 1 3
github.com/munnik/go-nmea/vdmvdo.go:302.125,304.3 1 0
github.com/munnik/go-nmea/vdmvdo.go:305.85,307.3 1 1
github.com/munnik/go-nmea/vdmvdo.go:312.49,314.125 2 4
github.com/munnik/go-nmea/vdmvdo.go:319.2,319.64 1 4
github.com/munnik/go-nmea/vdmvdo.go:322.2,322.47 1 3
github.com/munnik/go-nmea/vdmvdo.go:314.125,316.3 1 0
github.com/munnik/go-nmea/vdmvdo.go:316.8,316.92 1 4
github.com/munnik/go-nmea/vdmvdo.go:316.92,318.3 1 1
github.com/munnik/go-nmea/vdmvdo.go:319.64,321.3 1 1
github.com/munnik/go-nmea/vdmvdo.go:326.50,327.85 1 4
github.com/munnik/go-nmea/vdmvdo.go:347.2,347.46 1 1
github.com/munnik/go-nmea/vdmvdo.go:327.85,329.58 1 3
github.com/munnik/go-nmea/vdmvdo.go:332.3,332.37 1 2
github.com/munnik/go-nmea/vdmvdo.go:335.3,335.69 1 2
github.com/munnik/go-nmea/vdmvdo.go:338.3,338.70 1 2
github.com/munnik/go-nmea/vdmvdo.go:341.3,342.36 2 2
github.com/munnik/go-nmea/vdmvdo.go:345.3,345.89 1 2
github.com/munnik/go-nmea/vdmvdo.go:329.58,331.4 1 1
github.com/munnik/go-nmea/vdmvdo.go:332.37,334.4 1 0
github.com/munnik/go-nmea/vdmvdo.go:335.69,337.4 1 0
github.com/munnik/go-nmea/vdmvdo.go:338.70,340.4 1 0
github.com/munnik/go-nmea/vdmvdo.go:342.36,344.4 1 2
github.com/munnik/go-nmea/vdmvdo.go:351.60,352.85 1 4
github.com/munnik/go-nmea/vdmvdo.go:358.2,358.46 1 1
github.com/munnik/go-nmea/vdmvdo.go:352.85,353.32 1 3
github.com/munnik/go-nmea/vdmvdo.go:356.3,356.71 1 3
github.com/munnik/go-nmea/vdmvdo.go:353.32,355.4 1 0
github.com/munnik/go-nmea/vdmvdo.go:362.51,363.85 1 4
github.com/munnik/go-nmea/vdmvdo.go:369.2,369.46 1 1
github.com/munnik/go-nmea/vdmvdo.go:363.85,364.40 1 3
github.com/munnik/go-nmea/vdmvdo.go:367.3,367.79 1 2
github.com/munnik/go-nmea/vdmvdo.go:364.40,366.4 1 1
github.com/munnik/go-nmea/vdmvdo.go:373.59,374.85 1 4
github.com/munnik/go-nmea/vdmvdo.go:377.2,377.49 1 1
github.com/munnik/go-nmea/vdmvdo.go:374.85,376.3 1 3
github.com/munnik/go-nmea/vdmvdo.go:381.55,382.85 1 4
github.com/munnik/go-nmea/vdmvdo.go:385.2,385.46 1 1
github.com/munnik/go-nmea/vdmvdo.go:382.85,384.3 1 3
github.com/munnik/go-nmea/vdmvdo.go:388.50,389.85 1 4
github.com/munnik/go-nmea/vdmvdo.go:392.2,392.47 1 3
github.com/munnik/go-nmea/vdmvdo.go:389.85,391.3 1 1
github.com/munnik/go-nmea/vdmvdo.go:395.45,396.85 1 2
github.com/munnik/go-nmea/vdmvdo.go:413.2,413.60 1 1
github.com/munnik/go-nmea/vdmvdo.go:396.85,408.56 2 1
github.com/munnik/go-nmea/vdmvdo.go:411.3,411.21 1 1
github.com/munnik/go-nmea/vdmvdo.go:408.56,410.4 1 0
github.com/munnik/go-nmea/rot.go:28.42,37.2 4 8
github.com/munnik/go-nmea/rot.go:40.47,41.81 1 3
github.com/munnik/go-nmea/rot.go:44.2,44.46 1 2
github.com/munnik/go-nmea/rot.go:41.81,43.3 1 1
github.com/munnik/go-nmea/gns.go:44.42,61.2 4 18
github.com/munnik/go-nmea/gns.go:64.65,75.18 2 4
github.com/munnik/go-nmea/gns.go:88.2,88.52 1 3
github.com/munnik/go-nmea/gns.go:75.18,76.35 1 4
github.com/munnik/go-nmea/gns.go:76.35,77.50 1 4
github.com/munnik/go-nmea/gns.go:77.50,78.55 1 4
github.com/munnik/go-nmea/gns.go:78.55,79.57 1 3
github.com/munnik/go-nmea/gns.go:79.57,80.57 1 2
github.com/munnik/go-nmea/gns.go:80.57,82.8 1 1
github.com/munnik/go-nmea/gsv.go:29.42,38.25 4 18
github.com/munnik/go-nmea/gsv.go:49.2,49.19 1 18
github.com/munnik/go-nmea/gsv.go:38.25,39.28 1 72
github.com/munnik/go-nmea/gsv.go:42.3,47.5 1 70
github.com/munnik/go-nmea/gsv.go:39.28,40.9 1 2
github.com/munnik/go-nmea/gsv.go:53.53,54.56 1 2
github.com/munnik/go-nmea/gsv.go:57.2,57.46 1 1
github.com/munnik/go-nmea/gsv.go:54.56,56.3 1 1
github.com/munnik/go-nmea/tagblock.go:21.49,25.2 1 3
github.com/munnik/go-nmea/tagblock.go:27.29,38.2 1 7
github.com/munnik/go-nmea/tagblock.go:42.42,44.23 2 8
github.com/munnik/go-nmea/tagblock.go:48.2,56.29 2 7
github.com/munnik/go-nmea/tagblock.go:60.2,61.29 2 6
github.com/munnik/go-nmea/tagblock.go:84.2,84.17 1 5
github.com/munnik/go-nmea/tagblock.go:44.23,46.3 1 1
github.com/munnik/go-nmea/tagblock.go:56.29,58.3 1 1
github.com/munnik/go-nmea/tagblock.go:61.29,63.22 2 17
github.com/munnik/go-nmea/tagblock.go:66.3,67.14 2 16
github.com/munnik/go-nmea/tagblock.go:63.22,65.4 1 1
github.com/munnik/go-nmea/tagblock.go:68.12,69.37 1 5
github.com/munnik/go-nmea/tagblock.go:70.12,71.43 1 1
github.com/munnik/go-nmea/tagblock.go:72.12,73.40 1 1
github.com/munnik/go-nmea/tagblock.go:74.12,75.42 1 1
github.com/munnik/go-nmea/tagblock.go:76.12,77.45 1 1
github.com/munnik/go-nmea/tagblock.go:78.12,79.38 1 4
github.com/munnik/go-nmea/tagblock.go:80.12,81.36 1 1
github.com/munnik/go-nmea/mda.go:50.42,67.2 4 2
github.com/munnik/go-nmea/mda.go:70.54,71.58 1 2
github.com/munnik/go-nmea/mda.go:74.2,74.46 1 1
github.com/munnik/go-nmea/mda.go:71.58,73.3 1 1
github.com/munnik/go-nmea/mda.go:78.58,79.62 1 2
github.com/munnik/go-nmea/mda.go:82.2,82.46 1 1
github.com/munnik/go-nmea/mda.go:79.62,81.3 1 1
github.com/munnik/go-nmea/mda.go:86.46,87.67 1 3
github.com/munnik/go-nmea/mda.go:90.2,90.57 1 2
github.com/munnik/go-nmea/mda.go:93.2,93.46 1 1
github.com/munnik/go-nmea/mda.go:87.67,89.3 1 1
github.com/munnik/go-nmea/mda.go:90.57,92.3 1 1
github.com/munnik/go-nmea/mda.go:97.55,98.55 1 2
github.com/munnik/go-nmea/mda.go:101.2,101.46 1 1
github.com/munnik/go-nmea/mda.go:98.55,100.3 1 1
github.com/munnik/go-nmea/mda.go:105.53,106.57 1 2
github.com/munnik/go-nmea/mda.go:109.2,109.46 1 1
github.com/munnik/go-nmea/mda.go:106.57,108.3 1 1
github.com/munnik/go-nmea/mda.go:113.56,114.49 1 2
github.com/munnik/go-nmea/mda.go:117.2,117.46 1 1
github.com/munnik/go-nmea/mda.go:114.49,116.3 1 1
github.com/munnik/go-nmea/mda.go:121.52,122.64 1 4
github.com/munnik/go-nmea/mda.go:125.2,125.76 1 2
github.com/munnik/go-nmea/mda.go:128.2,128.46 1 1
github.com/munnik/go-nmea/mda.go:122.64,124.3 1 2
github.com/munnik/go-nmea/mda.go:125.76,127.3 1 1
github.com/munnik/go-nmea/mda.go:132.45,133.57 1 2
github.com/munnik/go-nmea/mda.go:136.2,136.46 1 1
github.com/munnik/go-nmea/mda.go:133.57,135.3 1 1
github.com/munnik/go-nmea/parser.go:15.40,17.2 1 316
github.com/munnik/go-nmea/parser.go:20.41,21.19 1 173
github.com/munnik/go-nmea/parser.go:21.19,23.3 1 1
github.com/munnik/go-nmea/parser.go:27.30,29.2 1 311
github.com/munnik/go-nmea/parser.go:33.48,34.18 1 7
github.com/munnik/go-nmea/parser.go:34.18,36.3 1 7
github.com/munnik/go-nmea/parser.go:40.55,41.33 1 2188
github.com/munnik/go-nmea/parser.go:44.2,44.31 1 2172
github.com/munnik/go-nmea/parser.go:41.33,43.3 1 16
github.com/munnik/go-nmea/parser.go:49.66,50.39 1 14
github.com/munnik/go-nmea/parser.go:53.2,54.40 2 11
github.com/munnik/go-nmea/parser.go:57.2,57.30 1 11
github.com/munnik/go-nmea/parser.go:50.39,52.3 1 3
github.com/munnik/go-nmea/parser.go:54.40,56.3 1 55
github.com/munnik/go-nmea/parser.go:62.78,64.14 2 161
github.com/munnik/go-nmea/parser.go:67.2,67.28 1 160
github.com/munnik/go-nmea/parser.go:72.2,72.47 1 24
github.com/munnik/go-nmea/parser.go:64.14,66.3 1 1
github.com/munnik/go-nmea/parser.go:67.28,68.19 1 283
github.com/munnik/go-nmea/parser.go:68.19,70.4 1 136
github.com/munnik/go-nmea/parser.go:78.81,80.14 2 21
github.com/munnik/go-nmea/parser.go:83.2,84.28 2 20
github.com/munnik/go-nmea/parser.go:98.2,98.30 1 20
github.com/munnik/go-nmea/parser.go:80.14,82.3 1 1
github.com/munnik/go-nmea/parser.go:84.28,87.29 3 56
github.com/munnik/go-nmea/parser.go:94.3,94.13 1 56
github.com/munnik/go-nmea/parser.go:87.29,88.15 1 288
github.com/munnik/go-nmea/parser.go:88.15,91.10 3 38
github.com/munnik/go-nmea/parser.go:94.13,96.4 1 18
github.com/munnik/go-nmea/parser.go:103.53,105.14 2 870
github.com/munnik/go-nmea/parser.go:108.2,108.28 1 863
github.com/munnik/go-nmea/parser.go:105.14,107.3 1 7
github.com/munnik/go-nmea/parser.go:113.57,115.14 2 355
github.com/munnik/go-nmea/parser.go:118.2,118.30 1 354
github.com/munnik/go-nmea/parser.go:115.14,117.3 1 1
github.com/munnik/go-nmea/parser.go:123.51,125.14 2 75
github.com/munnik/go-nmea/parser.go:128.2,128.27 1 74
github.com/munnik/go-nmea/parser.go:125.14,127.3 1 1
github.com/munnik/go-nmea/parser.go:133.51,135.14 2 36
github.com/munnik/go-nmea/parser.go:138.2,138.27 1 35
github.com/munnik/go-nmea/parser.go:135.14,137.3 1 1
github.com/munnik/go-nmea/parser.go:142.60,144.14 2 147
github.com/munnik/go-nmea/parser.go:147.2,148.14 2 145
github.com/munnik/go-nmea/parser.go:151.2,154.10 3 144
github.com/munnik/go-nmea/parser.go:144.14,146.3 1 2
github.com/munnik/go-nmea/parser.go:148.14,150.3 1 1
github.com/munnik/go-nmea/parser.go:158.80,159.18 1 108
github.com/munnik/go-nmea/parser.go:162.2,162.35 1 108
github.com/munnik/go-nmea/parser.go:167.2,170.17 3 106
github.com/munnik/go-nmea/parser.go:175.2,178.28 3 105
github.com/munnik/go-nmea/parser.go:195.2,195.15 1 103
github.com/munnik/go-nmea/parser.go:159.18,161.3 1 0
github.com/munnik/go-nmea/parser.go:162.35,165.3 2 2
github.com/munnik/go-nmea/parser.go:170.17,173.3 2 1
github.com/munnik/go-nmea/parser.go:178.28,179.25 1 3280
github.com/munnik/go-nmea/parser.go:184.3,185.13 2 3278
github.com/munnik/go-nmea/parser.go:189.3,189.56 1 3278
github.com/munnik/go-nmea/parser.go:179.25,182.4 2 2
github.com/munnik/go-nmea/parser.go:185.13,187.4 1 528
github.com/munnik/go-nmea/parser.go:189.56,192.4 2 19596
github.com/munnik/go-nmea/rmc.go:34.42,48.82 4 33
github.com/munnik/go-nmea/rmc.go:51.2,51.19 1 33
github.com/munnik/go-nmea/rmc.go:48.82,50.3 1 2
github.com/munnik/go-nmea/rmc.go:55.54,56.34 1 2
github.com/munnik/go-nmea/rmc.go:61.2,61.46 1 1
github.com/munnik/go-nmea/rmc.go:56.34,57.51 1 1
github.com/munnik/go-nmea/rmc.go:57.51,59.4 1 1
github.com/munnik/go-nmea/rmc.go:65.57,66.34 1 2
github.com/munnik/go-nmea/rmc.go:71.2,71.46 1 1
github.com/munnik/go-nmea/rmc.go:66.34,67.48 1 1
github.com/munnik/go-nmea/rmc.go:67.48,69.4 1 1
github.com/munnik/go-nmea/rmc.go:75.56,76.34 1 2
github.com/munnik/go-nmea/rmc.go:83.2,83.49 1 1
github.com/munnik/go-nmea/rmc.go:76.34,77.57 1 1
github.com/munnik/go-nmea/rmc.go:77.57,78.60 1 1
github.com/munnik/go-nmea/rmc.go:78.60,80.5 1 1
github.com/munnik/go-nmea/rmc.go:87.52,88.34 1 2
github.com/munnik/go-nmea/rmc.go:93.2,93.46 1 1
github.com/munnik/go-nmea/rmc.go:88.34,89.47 1 1
github.com/munnik/go-nmea/rmc.go:89.47,91.4 1 1
github.com/munnik/go-nmea/rmc.go:97.44,98.34 1 2
github.com/munnik/go-nmea/rmc.go:112.2,112.47 1 1
github.com/munnik/go-nmea/rmc.go:98.34,99.35 1 1
github.com/munnik/go-nmea/rmc.go:99.35,110.4 1 1
github.com/munnik/go-nmea/ths.go:33.42,42.2 4 14
github.com/munnik/go-nmea/ths.go:45.48,46.80 1 3
github.com/munnik/go-nmea/ths.go:49.2,49.46 1 2
github.com/munnik/go-nmea/ths.go:46.80,48.3 1 1
github.com/munnik/go-nmea/types.go:41.37,43.14 2 150
github.com/munnik/go-nmea/types.go:46.2,46.14 1 150
github.com/munnik/go-nmea/types.go:49.2,49.14 1 150
github.com/munnik/go-nmea/types.go:52.2,52.14 1 150
github.com/munnik/go-nmea/types.go:56.2,57.87 2 139
github.com/munnik/go-nmea/types.go:63.2,63.10 1 137
github.com/munnik/go-nmea/types.go:43.14,45.3 1 150
github.com/munnik/go-nmea/types.go:46.14,48.3 1 149
github.com/munnik/go-nmea/types.go:49.14,51.3 1 12
github.com/munnik/go-nmea/types.go:52.14,54.3 1 11
github.com/munnik/go-nmea/types.go:57.87,59.3 1 1
github.com/munnik/go-nmea/types.go:59.8,59.94 1 138
github.com/munnik/go-nmea/types.go:59.94,61.3 1 1
github.com/munnik/go-nmea/types.go:68.33,70.21 2 153
github.com/munnik/go-nmea/types.go:73.2,75.16 3 150
github.com/munnik/go-nmea/types.go:79.2,83.33 4 140
github.com/munnik/go-nmea/types.go:86.2,86.33 1 45
github.com/munnik/go-nmea/types.go:89.2,89.70 1 1
github.com/munnik/go-nmea/types.go:70.21,72.3 1 3
github.com/munnik/go-nmea/types.go:75.16,77.3 1 10
github.com/munnik/go-nmea/types.go:83.33,85.3 1 95
github.com/munnik/go-nmea/types.go:86.33,88.3 1 44
github.com/munnik/go-nmea/types.go:93.34,97.19 4 3
github.com/munnik/go-nmea/types.go:100.2,100.65 1 3
github.com/munnik/go-nmea/types.go:97.19,99.3 1 1
github.com/munnik/go-nmea/types.go:105.37,108.68 2 15
github.com/munnik/go-nmea/types.go:111.2,111.22 1 3
github.com/munnik/go-nmea/types.go:108.68,110.3 1 12
github.com/munnik/go-nmea/types.go:116.33,126.22 7 156
github.com/munnik/go-nmea/types.go:160.2,160.23 1 5
github.com/munnik/go-nmea/types.go:163.2,164.24 2 2
github.com/munnik/go-nmea/types.go:126.22,127.10 1 1859
github.com/munnik/go-nmea/types.go:128.40,129.18 1 1552
github.com/munnik/go-nmea/types.go:134.48,135.20 1 136
github.com/munnik/go-nmea/types.go:136.21,137.65 1 6
github.com/munnik/go-nmea/types.go:140.4,141.21 2 5
github.com/munnik/go-nmea/types.go:142.24,143.65 1 5
github.com/munnik/go-nmea/types.go:146.4,147.21 2 4
github.com/munnik/go-nmea/types.go:148.24,149.75 1 4
github.com/munnik/go-nmea/types.go:152.4,153.21 2 2
github.com/munnik/go-nmea/types.go:154.49,155.12 1 9
github.com/munnik/go-nmea/types.go:156.11,157.84 1 147
github.com/munnik/go-nmea/types.go:129.18,131.5 1 1552
github.com/munnik/go-nmea/types.go:131.10,133.5 1 0
github.com/munnik/go-nmea/types.go:137.65,139.5 1 1
github.com/munnik/go-nmea/types.go:143.65,145.5 1 1
github.com/munnik/go-nmea/types.go:149.75,151.5 1 2
github.com/munnik/go-nmea/types.go:160.23,162.3 1 3
github.com/munnik/go-nmea/types.go:168.34,174.2 5 3
github.com/munnik/go-nmea/types.go:186.70,194.2 1 96
github.com/munnik/go-nmea/types.go:196.41,201.2 1 19
github.com/munnik/go-nmea/types.go:204.31,207.2 2 1
github.com/munnik/go-nmea/types.go:215.31,216.28 1 83
github.com/munnik/go-nmea/types.go:219.2,223.70 5 74
github.com/munnik/go-nmea/types.go:216.28,218.3 1 9
github.com/munnik/go-nmea/types.go:235.49,242.2 1 39
github.com/munnik/go-nmea/types.go:244.41,249.2 1 15
github.com/munnik/go-nmea/types.go:252.31,254.2 1 1
github.com/munnik/go-nmea/types.go:260.31,261.28 1 41
github.com/munnik/go-nmea/types.go:264.2,267.28 4 34
github.com/munnik/go-nmea/types.go:261.28,263.3 1 7
github.com/munnik/go-nmea/types.go:271.31,272.13 1 2
github.com/munnik/go-nmea/types.go:275.2,275.14 1 1
github.com/munnik/go-nmea/types.go:272.13,274.3 1 1
github.com/munnik/go-nmea/types.go:279.31,280.13 1 2
github.com/munnik/go-nmea/types.go:283.2,283.13 1 1
github.com/munnik/go-nmea/types.go:280.13,282.3 1 1
github.com/munnik/go-nmea/types.go:292.36,297.2 1 1227
github.com/munnik/go-nmea/types.go:299.47,303.2 1 547
github.com/munnik/go-nmea/types.go:305.46,306.13 1 203
github.com/munnik/go-nmea/types.go:309.2,309.39 1 76
github.com/munnik/go-nmea/types.go:306.13,308.3 1 127
github.com/munnik/go-nmea/types.go:312.37,314.16 2 354
github.com/munnik/go-nmea/types.go:317.2,317.22 1 322
github.com/munnik/go-nmea/types.go:314.16,316.3 1 32
github.com/munnik/go-nmea/types.go:326.30,331.2 1 1019
github.com/munnik/go-nmea/types.go:332.43,336.2 1 157
github.com/munnik/go-nmea/types.go:338.42,339.13 1 17
github.com/munnik/go-nmea/types.go:342.2,342.39 1 5
github.com/munnik/go-nmea/types.go:339.13,341.3 1 12
github.com/munnik/go-nmea/types.go:345.33,347.16 2 870
github.com/munnik/go-nmea/types.go:350.2,350.20 1 781
github.com/munnik/go-nmea/types.go:347.16,349.3 1 89
github.com/munnik/go-nmea/types.go:359.33,364.2 1 2493
github.com/munnik/go-nmea/types.go:366.45,370.2 1 112
github.com/munnik/go-nmea/types.go:372.44,373.13 1 8
github.com/munnik/go-nmea/types.go:376.2,376.47 1 2
github.com/munnik/go-nmea/types.go:373.13,375.3 1 6
github.com/munnik/go-nmea/types.go:385.43,390.2 1 47
github.com/munnik/go-nmea/types.go:392.53,396.2 1 7
github.com/munnik/go-nmea/vhw.go:24.42,34.2 3 2
github.com/munnik/go-nmea/vhw.go:37.52,38.56 1 6
github.com/munnik/go-nmea/vhw.go:41.2,41.46 1 1
github.com/munnik/go-nmea/vhw.go:38.56,40.3 1 5
github.com/munnik/go-nmea/vhw.go:45.48,46.52 1 6
github.com/munnik/go-nmea/vhw.go:49.2,49.46 1 1
github.com/munnik/go-nmea/vhw.go:46.52,48.3 1 5
github.com/munnik/go-nmea/vhw.go:53.54,54.61 1 6
github.com/munnik/go-nmea/vhw.go:57.2,57.63 1 2
github.com/munnik/go-nmea/vhw.go:60.2,60.46 1 1
github.com/munnik/go-nmea/vhw.go:54.61,56.3 1 4
github.com/munnik/go-nmea/vhw.go:57.63,59.3 1 1
github.com/munnik/go-nmea/vwr.go:36.42,48.2 4 2
github.com/munnik/go-nmea/vwr.go:51.58,52.46 1 8
github.com/munnik/go-nmea/vwr.go:60.2,60.46 1 1
github.com/munnik/go-nmea/vwr.go:52.46,53.42 1 7
github.com/munnik/go-nmea/vwr.go:56.3,56.43 1 6
github.com/munnik/go-nmea/vwr.go:53.42,55.4 1 1
github.com/munnik/go-nmea/vwr.go:56.43,58.4 1 6
github.com/munnik/go-nmea/vwr.go:64.46,65.67 1 8
github.com/munnik/go-nmea/vwr.go:68.2,68.69 1 4
github.com/munnik/go-nmea/vwr.go:71.2,71.57 1 2
github.com/munnik/go-nmea/vwr.go:74.2,74.46 1 1
github.com/munnik/go-nmea/vwr.go:65.67,67.3 1 4
github.com/munnik/go-nmea/vwr.go:68.69,70.3 1 2
github.com/munnik/go-nmea/vwr.go:71.57,73.3 1 1
github.com/munnik/go-nmea/dpt.go:20.42,29.2 3 4
github.com/munnik/go-nmea/dpt.go:32.57,33.46 1 4
github.com/munnik/go-nmea/dpt.go:36.2,36.46 1 1
github.com/munnik/go-nmea/dpt.go:33.46,35.3 1 3
github.com/munnik/go-nmea/dpt.go:40.51,41.51 1 4
github.com/munnik/go-nmea/dpt.go:46.2,46.46 1 3
github.com/munnik/go-nmea/dpt.go:41.51,42.69 1 3
github.com/munnik/go-nmea/dpt.go:42.69,44.4 1 1
github.com/munnik/go-nmea/dpt.go:50.54,51.51 1 4
github.com/munnik/go-nmea/dpt.go:56.2,56.46 1 3
github.com/munnik/go-nmea/dpt.go:51.51,52.69 1 3
github.com/munnik/go-nmea/dpt.go:52.69,54.4 1 1
github.com/munnik/go-nmea/hdt.go:23.42,32.2 4 6
github.com/munnik/go-nmea/hdt.go:35.48,36.58 1 3
github.com/munnik/go-nmea/hdt.go:39.2,39.46 1 2
github.com/munnik/go-nmea/hdt.go:36.58,38.3 1 1
github.com/munnik/go-nmea/pgrme.go:20.46,39.2 9 0
github.com/munnik/go-nmea/vtg.go:26.42,36.2 3 2
github.com/munnik/go-nmea/vtg.go:39.57,40.50 1 6
github.com/munnik/go-nmea/vtg.go:43.2,43.46 1 1
github.com/munnik/go-nmea/vtg.go:40.50,42.3 1 5
github.com/munnik/go-nmea/vtg.go:47.61,48.54 1 6
github.com/munnik/go-nmea/vtg.go:51.2,51.46 1 1
github.com/munnik/go-nmea/vtg.go:48.54,50.3 1 5
github.com/munnik/go-nmea/vtg.go:55.52,56.55 1 6
github.com/munnik/go-nmea/vtg.go:59.2,59.57 1 2
github.com/munnik/go-nmea/vtg.go:62.2,62.46 1 1
github.com/munnik/go-nmea/vtg.go:56.55,58.3 1 4
github.com/munnik/go-nmea/vtg.go:59.57,61.3 1 1
github.com/munnik/go-nmea/mwd.go:32.42,43.2 4 2
github.com/munnik/go-nmea/mwd.go:46.54,47.58 1 4
github.com/munnik/go-nmea/mwd.go:50.2,50.46 1 1
github.com/munnik/go-nmea/mwd.go:47.58,49.3 1 3
github.com/munnik/go-nmea/mwd.go:54.58,55.62 1 4
github.com/munnik/go-nmea/mwd.go:58.2,58.46 1 1
github.com/munnik/go-nmea/mwd.go:55.62,57.3 1 3
github.com/munnik/go-nmea/mwd.go:62.46,63.67 1 4
github.com/munnik/go-nmea/mwd.go:66.2,66.57 1 2
github.com/munnik/go-nmea/mwd.go:69.2,69.46 1 1
github.com/munnik/go-nmea/mwd.go:63.67,65.3 1 2
github.com/munnik/go-nmea/mwd.go:66.57,68.3 1 1
github.com/munnik/go-nmea/wpl.go:17.42,26.2 3 6
github.com/munnik/go-nmea/zda.go:26.42,38.2 3 4
github.com/munnik/go-nmea/zda.go:41.44,42.19 1 5
github.com/munnik/go-nmea/zda.go:45.2,46.16 2 4
github.com/munnik/go-nmea/zda.go:49.2,50.16 2 3
github.com/munnik/go-nmea/zda.go:53.2,54.16 2 2
github.com/munnik/go-nmea/zda.go:57.2,66.39 1 1
github.com/munnik/go-nmea/zda.go:42.19,44.3 1 1
github.com/munnik/go-nmea/zda.go:46.16,48.3 1 1
github.com/munnik/go-nmea/zda.go:50.16,52.3 1 1
github.com/munnik/go-nmea/zda.go:54.16,56.3 1 1
