TN:
SF:hdt.go
DA:23,6
DA:24,6
DA:25,6
DA:26,6
DA:27,6
DA:28,6
DA:29,6
DA:30,6
DA:31,6
DA:32,6
DA:35,3
DA:36,4
DA:37,1
DA:38,1
DA:39,2
LF:15
LH:15
end_of_record
TN:
SF:rmc.go
DA:34,33
DA:35,33
DA:36,33
DA:37,33
DA:38,33
DA:39,33
DA:40,33
DA:41,33
DA:42,33
DA:43,33
DA:44,33
DA:45,33
DA:46,33
DA:47,33
DA:48,35
DA:49,2
DA:50,2
DA:51,33
DA:55,2
DA:56,3
DA:57,2
DA:58,1
DA:59,1
DA:61,1
DA:65,2
DA:66,3
DA:67,2
DA:68,1
DA:69,1
DA:71,1
DA:75,2
DA:76,3
DA:77,2
DA:78,2
DA:79,1
DA:80,1
DA:83,1
DA:87,2
DA:88,3
DA:89,2
DA:90,1
DA:91,1
DA:93,1
DA:97,2
DA:98,3
DA:99,2
DA:100,1
DA:101,1
DA:102,1
DA:103,1
DA:104,1
DA:105,1
DA:106,1
DA:107,1
DA:108,1
DA:109,1
DA:110,1
DA:112,1
LF:58
LH:58
end_of_record
TN:
SF:types.go
DA:41,150
DA:42,150
DA:43,300
DA:44,150
DA:45,150
DA:46,299
DA:47,149
DA:48,149
DA:49,162
DA:50,12
DA:51,12
DA:52,161
DA:53,11
DA:54,11
DA:56,139
DA:57,140
DA:58,1
DA:59,140
DA:60,1
DA:61,1
DA:63,137
DA:68,153
DA:69,153
DA:70,156
DA:71,3
DA:72,3
DA:73,150
DA:74,150
DA:75,160
DA:76,10
DA:77,10
DA:79,140
DA:80,140
DA:81,140
DA:82,140
DA:83,235
DA:84,95
DA:85,95
DA:86,89
DA:87,44
DA:88,44
DA:89,1
DA:93,3
DA:94,3
DA:95,3
DA:96,3
DA:97,4
DA:98,1
DA:99,1
DA:100,3
DA:105,15
DA:106,15
DA:107,15
DA:108,27
DA:109,12
DA:110,12
DA:111,3
DA:116,156
DA:117,156
DA:118,156
DA:119,156
DA:120,156
DA:121,156
DA:122,156
DA:123,156
DA:124,156
DA:125,156
DA:126,2015
DA:127,1859
DA:128,1552
DA:129,3104
DA:130,1552
DA:131,1552
DA:132,0
DA:133,0
DA:134,136
DA:135,136
DA:136,6
DA:137,7
DA:138,1
DA:139,1
DA:140,5
DA:141,5
DA:142,5
DA:143,6
DA:144,1
DA:145,1
DA:146,4
DA:147,4
DA:148,4
DA:149,6
DA:150,2
DA:151,2
DA:152,2
DA:153,2
DA:154,9
DA:155,9
DA:156,147
DA:157,147
DA:160,8
DA:161,3
DA:162,3
DA:163,2
DA:164,2
DA:168,3
DA:169,3
DA:170,3
DA:171,3
DA:172,3
DA:173,3
DA:174,3
DA:186,96
DA:187,96
DA:188,96
DA:189,96
DA:190,96
DA:191,96
DA:192,96
DA:193,96
DA:194,96
DA:196,19
DA:197,19
DA:198,19
DA:199,19
DA:200,19
DA:201,19
DA:204,1
DA:205,1
DA:206,1
DA:207,1
DA:215,83
DA:216,92
DA:217,9
DA:218,9
DA:219,74
DA:220,74
DA:221,74
DA:222,74
DA:223,74
DA:235,39
DA:236,39
DA:237,39
DA:238,39
DA:239,39
DA:240,39
DA:241,39
DA:242,39
DA:244,15
DA:245,15
DA:246,15
DA:247,15
DA:248,15
DA:249,15
DA:252,1
DA:253,1
DA:254,1
DA:260,41
DA:261,48
DA:262,7
DA:263,7
DA:264,34
DA:265,34
DA:266,34
DA:267,34
DA:271,2
DA:272,3
DA:273,1
DA:274,1
DA:275,1
DA:279,2
DA:280,3
DA:281,1
DA:282,1
DA:283,1
DA:292,1227
DA:293,1227
DA:294,1227
DA:295,1227
DA:296,1227
DA:297,1227
DA:299,547
DA:300,547
DA:301,547
DA:302,547
DA:303,547
DA:305,203
DA:306,330
DA:307,127
DA:308,127
DA:309,76
DA:312,354
DA:313,354
DA:314,386
DA:315,32
DA:316,32
DA:317,322
DA:326,1008
DA:327,1008
DA:328,1008
DA:329,1008
DA:330,1008
DA:331,1008
DA:332,156
DA:333,156
DA:334,156
DA:335,156
DA:336,156
DA:338,17
DA:339,29
DA:340,12
DA:341,12
DA:342,5
DA:345,858
DA:346,858
DA:347,946
DA:348,88
DA:349,88
DA:350,770
DA:359,2475
DA:360,2475
DA:361,2475
DA:362,2475
DA:363,2475
DA:364,2475
DA:366,112
DA:367,112
DA:368,112
DA:369,112
DA:370,112
DA:372,8
DA:373,14
DA:374,6
DA:375,6
DA:376,2
DA:385,47
DA:386,47
DA:387,47
DA:388,47
DA:389,47
DA:390,47
DA:392,7
DA:393,7
DA:394,7
DA:395,7
DA:396,7
LF:245
LH:243
end_of_record
TN:
SF:mtk.go
DA:16,6
DA:17,6
DA:18,6
DA:19,6
DA:20,6
DA:21,6
DA:22,6
DA:23,6
DA:24,6
DA:25,6
LF:10
LH:10
end_of_record
TN:
SF:vtg.go
DA:26,2
DA:27,2
DA:28,2
DA:29,2
DA:30,2
DA:31,2
DA:32,2
DA:33,2
DA:34,2
DA:35,2
DA:36,2
DA:39,6
DA:40,11
DA:41,5
DA:42,5
DA:43,1
DA:47,6
DA:48,11
DA:49,5
DA:50,5
DA:51,1
DA:55,6
DA:56,10
DA:57,4
DA:58,4
DA:59,3
DA:60,1
DA:61,1
DA:62,1
LF:29
LH:29
end_of_record
TN:
SF:gsv.go
DA:29,18
DA:30,18
DA:31,18
DA:32,18
DA:33,18
DA:34,18
DA:35,18
DA:36,18
DA:37,18
DA:38,90
DA:39,74
DA:40,2
DA:42,70
DA:43,70
DA:44,70
DA:45,70
DA:46,70
DA:47,70
DA:49,18
DA:53,2
DA:54,3
DA:55,1
DA:56,1
DA:57,1
LF:24
LH:24
end_of_record
TN:
SF:gst.go
DA:30,2
DA:31,2
DA:32,2
DA:33,2
DA:34,2
DA:35,2
DA:36,2
DA:37,2
DA:38,2
DA:39,2
DA:40,2
DA:41,2
DA:42,2
DA:43,2
DA:44,2
DA:45,2
LF:16
LH:16
end_of_record
TN:
SF:tagblock.go
DA:21,3
DA:22,3
DA:23,3
DA:24,3
DA:25,3
DA:27,7
DA:28,7
DA:29,7
DA:30,7
DA:31,7
DA:32,7
DA:33,7
DA:34,7
DA:35,7
DA:36,7
DA:37,7
DA:38,7
DA:42,8
DA:43,8
DA:44,9
DA:45,1
DA:46,1
DA:48,7
DA:49,7
DA:50,7
DA:51,7
DA:52,7
DA:53,7
DA:54,7
DA:55,7
DA:56,8
DA:57,1
DA:58,1
DA:60,6
DA:61,23
DA:62,17
DA:63,18
DA:64,1
DA:65,1
DA:66,16
DA:67,16
DA:68,5
DA:69,5
DA:70,1
DA:71,1
DA:72,1
DA:73,1
DA:74,1
DA:75,1
DA:76,1
DA:77,1
DA:78,4
DA:79,4
DA:80,1
DA:81,1
DA:84,5
LF:56
LH:56
end_of_record
TN:
SF:vwr.go
DA:36,2
DA:37,2
DA:38,2
DA:39,2
DA:40,2
DA:41,2
DA:42,2
DA:43,2
DA:44,2
DA:45,2
DA:46,2
DA:47,2
DA:48,2
DA:51,8
DA:52,15
DA:53,8
DA:54,1
DA:55,1
DA:56,12
DA:57,6
DA:58,6
DA:60,1
DA:64,8
DA:65,12
DA:66,4
DA:67,4
DA:68,6
DA:69,2
DA:70,2
DA:71,3
DA:72,1
DA:73,1
DA:74,1
LF:33
LH:33
end_of_record
TN:
SF:gga.go
DA:40,8
DA:41,8
DA:42,8
DA:43,8
DA:44,8
DA:45,8
DA:46,8
DA:47,8
DA:48,8
DA:49,8
DA:50,8
DA:51,8
DA:52,8
DA:53,8
DA:54,8
DA:55,8
DA:56,8
DA:59,6
DA:60,11
DA:61,5
DA:62,5
DA:63,1
DA:67,6
DA:68,10
DA:69,7
DA:70,5
DA:71,3
DA:72,1
DA:73,1
DA:77,5
DA:81,6
DA:82,11
DA:83,5
DA:84,5
DA:85,1
LF:35
LH:35
end_of_record
TN:
SF:parser.go
DA:15,313
DA:16,313
DA:17,313
DA:20,173
DA:21,174
DA:22,1
DA:23,1
DA:27,308
DA:28,308
DA:29,308
DA:33,7
DA:34,14
DA:35,7
DA:36,7
DA:40,2170
DA:41,2186
DA:42,16
DA:43,16
DA:44,2154
DA:49,14
DA:50,17
DA:51,3
DA:52,3
DA:53,11
DA:54,66
DA:55,55
DA:56,55
DA:57,11
DA:62,161
DA:63,161
DA:64,162
DA:65,1
DA:66,1
DA:67,443
DA:68,419
DA:69,136
DA:70,136
DA:72,24
DA:78,21
DA:79,21
DA:80,22
DA:81,1
DA:82,1
DA:83,20
DA:84,76
DA:85,56
DA:86,56
DA:87,344
DA:88,326
DA:89,38
DA:90,38
DA:91,38
DA:94,74
DA:95,18
DA:96,18
DA:98,20
DA:103,858
DA:104,858
DA:105,865
DA:106,7
DA:107,7
DA:108,851
DA:113,355
DA:114,355
DA:115,356
DA:116,1
DA:117,1
DA:118,354
DA:123,75
DA:124,75
DA:125,76
DA:126,1
DA:127,1
DA:128,74
DA:133,36
DA:134,36
DA:135,37
DA:136,1
DA:137,1
DA:138,35
DA:142,147
DA:143,147
DA:144,149
DA:145,2
DA:146,2
DA:147,145
DA:148,146
DA:149,1
DA:150,1
DA:151,144
DA:152,144
DA:153,144
DA:154,144
DA:158,105
DA:159,105
DA:160,0
DA:161,0
DA:162,107
DA:163,2
DA:164,2
DA:165,2
DA:167,103
DA:168,103
DA:169,103
DA:170,104
DA:171,1
DA:172,1
DA:173,1
DA:175,102
DA:176,102
DA:177,102
DA:178,3283
DA:179,3183
DA:180,2
DA:181,2
DA:182,2
DA:184,3179
DA:185,3691
DA:186,512
DA:187,512
DA:189,22183
DA:190,19004
DA:191,19004
DA:192,19004
DA:195,100
LF:125
LH:123
end_of_record
TN:
SF:hev.go
DA:16,4
DA:17,4
DA:18,4
DA:19,4
DA:20,4
DA:21,4
DA:22,4
DA:23,4
DA:24,4
DA:27,2
DA:28,3
DA:29,1
DA:30,1
DA:31,1
LF:14
LH:14
end_of_record
TN:
SF:rot.go
DA:28,8
DA:29,8
DA:30,8
DA:31,8
DA:32,8
DA:33,8
DA:34,8
DA:35,8
DA:36,8
DA:37,8
DA:40,3
DA:41,4
DA:42,1
DA:43,1
DA:44,2
LF:15
LH:15
end_of_record
TN:
SF:pgrme.go
DA:20,0
DA:21,0
DA:22,0
DA:23,0
DA:24,0
DA:25,0
DA:26,0
DA:27,0
DA:28,0
DA:29,0
DA:30,0
DA:31,0
DA:32,0
DA:33,0
DA:34,0
DA:35,0
DA:36,0
DA:37,0
DA:38,0
DA:39,0
LF:20
LH:0
end_of_record
TN:
SF:sentence.go
DA:50,9
DA:51,9
DA:52,9
DA:55,1
DA:56,1
DA:57,1
DA:60,1
DA:61,1
DA:62,1
DA:65,106
DA:68,338
DA:69,338
DA:70,338
DA:71,338
DA:72,338
DA:73,338
DA:74,338
DA:75,346
DA:76,8
DA:77,8
DA:78,8
DA:79,8
DA:81,338
DA:82,342
DA:83,4
DA:84,4
DA:85,334
DA:86,335
DA:87,1
DA:88,1
DA:89,333
DA:90,333
DA:91,333
DA:92,333
DA:93,333
DA:94,333
DA:95,333
DA:96,382
DA:97,49
DA:98,49
DA:99,49
DA:100,284
DA:101,284
DA:102,284
DA:103,284
DA:104,284
DA:105,284
DA:106,284
DA:107,284
DA:108,284
DA:112,284
DA:113,290
DA:114,6
DA:115,6
DA:116,279
DA:117,1
DA:118,1
DA:119,277
DA:120,0
DA:121,0
DA:122,277
DA:127,340
DA:128,340
DA:129,14938
DA:130,14598
DA:131,14598
DA:132,340
DA:136,3
DA:137,4
DA:138,1
DA:143,7
DA:144,7
DA:145,7
DA:146,7
DA:147,9
DA:148,2
DA:149,2
DA:151,5
DA:152,5
DA:156,338
DA:157,338
DA:158,392
DA:159,54
DA:160,54
DA:163,285
DA:164,1
DA:165,1
DA:167,461
DA:168,178
DA:169,178
DA:170,178
DA:171,6
DA:172,6
DA:175,172
DA:176,33
DA:177,33
DA:178,8
DA:179,8
DA:180,6
DA:181,6
DA:182,6
DA:183,6
DA:184,2
DA:185,2
DA:186,4
DA:187,4
DA:188,0
DA:189,0
DA:190,18
DA:191,18
DA:192,6
DA:193,6
DA:194,18
DA:195,18
DA:196,14
DA:197,14
DA:198,6
DA:199,6
DA:200,12
DA:201,12
DA:202,2
DA:203,2
DA:204,4
DA:205,4
DA:206,2
DA:207,2
DA:208,2
DA:209,2
DA:210,4
DA:211,4
DA:212,2
DA:213,2
DA:214,2
DA:215,2
DA:216,8
DA:217,8
DA:218,8
DA:219,8
DA:220,2
DA:221,2
DA:222,2
DA:223,2
DA:226,211
DA:227,105
DA:228,105
DA:229,105
DA:232,1
LF:147
LH:143
end_of_record
TN:
SF:mwd.go
DA:32,2
DA:33,2
DA:34,2
DA:35,2
DA:36,2
DA:37,2
DA:38,2
DA:39,2
DA:40,2
DA:41,2
DA:42,2
DA:43,2
DA:46,4
DA:47,7
DA:48,3
DA:49,3
DA:50,1
DA:54,4
DA:55,7
DA:56,3
DA:57,3
DA:58,1
DA:62,4
DA:63,6
DA:64,2
DA:65,2
DA:66,3
DA:67,1
DA:68,1
DA:69,1
LF:30
LH:30
end_of_record
TN:
SF:rte.go
DA:25,12
DA:26,12
DA:27,12
DA:28,12
DA:29,12
DA:30,12
DA:31,12
DA:32,12
DA:33,12
DA:34,12
DA:35,12
DA:36,12
LF:12
LH:12
end_of_record
TN:
SF:dpt.go
DA:20,4
DA:21,4
DA:22,4
DA:23,4
DA:24,4
DA:25,4
DA:26,4
DA:27,4
DA:28,4
DA:29,4
DA:32,4
DA:33,7
DA:34,3
DA:35,3
DA:36,1
DA:40,4
DA:41,7
DA:42,4
DA:43,1
DA:44,1
DA:46,3
DA:50,4
DA:51,7
DA:52,4
DA:53,1
DA:54,1
DA:56,3
LF:27
LH:27
end_of_record
TN:
SF:gsa.go
DA:33,6
DA:34,6
DA:35,6
DA:36,6
DA:37,6
DA:38,6
DA:39,6
DA:40,6
DA:41,6
DA:42,78
DA:43,108
DA:44,36
DA:45,36
DA:48,6
DA:49,6
DA:50,6
DA:51,6
DA:55,1
DA:56,1
DA:57,1
DA:60,2
DA:61,3
DA:62,1
DA:63,1
DA:64,1
LF:25
LH:25
end_of_record
TN:
SF:mwv.go
DA:49,8
DA:50,8
DA:51,8
DA:52,8
DA:53,8
DA:54,8
DA:55,8
DA:56,8
DA:57,8
DA:58,8
DA:59,8
DA:60,8
DA:61,8
DA:64,4
DA:65,5
DA:66,2
DA:67,1
DA:68,1
DA:70,3
DA:74,4
DA:75,5
DA:76,2
DA:77,1
DA:78,1
DA:80,3
DA:84,6
DA:85,10
DA:86,4
DA:87,1
DA:88,1
DA:89,1
DA:90,1
DA:91,1
DA:92,1
DA:95,3
LF:35
LH:35
end_of_record
TN:
SF:vhw.go
DA:24,2
DA:25,2
DA:26,2
DA:27,2
DA:28,2
DA:29,2
DA:30,2
DA:31,2
DA:32,2
DA:33,2
DA:34,2
DA:37,6
DA:38,11
DA:39,5
DA:40,5
DA:41,1
DA:45,6
DA:46,11
DA:47,5
DA:48,5
DA:49,1
DA:53,6
DA:54,10
DA:55,4
DA:56,4
DA:57,3
DA:58,1
DA:59,1
DA:60,1
LF:29
LH:29
end_of_record
TN:
SF:vdmvdo.go
DA:166,1
DA:167,1
DA:168,1
DA:169,1
DA:170,1
DA:173,105
DA:174,105
DA:175,105
DA:176,105
DA:177,105
DA:178,105
DA:179,105
DA:180,105
DA:181,105
DA:182,105
DA:183,105
DA:184,110
DA:185,5
DA:186,5
DA:187,167
DA:188,67
DA:189,67
DA:190,100
DA:193,0
DA:194,0
DA:195,0
DA:196,0
DA:197,0
DA:198,0
DA:199,0
DA:201,0
DA:204,0
DA:205,0
DA:206,0
DA:207,0
DA:208,0
DA:209,0
DA:210,0
DA:211,0
DA:212,0
DA:213,0
DA:214,0
DA:215,0
DA:216,0
DA:217,0
DA:218,0
DA:220,0
DA:224,4
DA:225,4
DA:226,0
DA:227,0
DA:228,5
DA:229,1
DA:230,1
DA:231,3
DA:235,4
DA:236,4
DA:237,0
DA:238,0
DA:239,0
DA:240,0
DA:241,0
DA:243,4
DA:247,4
DA:248,5
DA:249,1
DA:250,1
DA:251,3
DA:255,4
DA:256,4
DA:257,0
DA:258,0
DA:259,4
DA:263,4
DA:264,7
DA:265,3
DA:266,3
DA:267,1
DA:271,4
DA:272,4
DA:273,0
DA:274,0
DA:275,0
DA:276,0
DA:277,0
DA:279,5
DA:280,1
DA:281,1
DA:282,3
DA:286,4
DA:287,4
DA:288,0
DA:289,0
DA:290,0
DA:291,0
DA:292,0
DA:294,5
DA:295,1
DA:296,1
DA:297,3
DA:301,4
DA:302,4
DA:303,0
DA:304,0
DA:305,5
DA:306,1
DA:307,1
DA:308,3
DA:312,4
DA:313,4
DA:314,4
DA:315,0
DA:316,5
DA:317,1
DA:318,1
DA:319,5
DA:320,1
DA:321,1
DA:322,3
DA:326,2
DA:327,3
DA:328,1
DA:329,2
DA:330,1
DA:331,1
DA:332,0
DA:333,0
DA:334,0
DA:335,0
DA:336,0
DA:337,0
DA:338,0
DA:339,0
DA:340,0
DA:341,0
DA:342,0
DA:343,0
DA:344,0
DA:345,0
DA:347,1
DA:351,4
DA:352,7
DA:353,3
DA:354,0
DA:355,0
DA:356,3
DA:358,1
DA:362,4
DA:363,7
DA:364,4
DA:365,1
DA:366,1
DA:367,2
DA:369,1
DA:373,4
DA:374,7
DA:375,3
DA:376,3
DA:377,1
DA:381,4
DA:382,7
DA:383,3
DA:384,3
DA:385,1
DA:388,4
DA:389,5
DA:390,1
DA:391,1
DA:392,3
DA:395,2
DA:396,3
DA:397,1
DA:398,1
DA:399,1
DA:400,1
DA:401,1
DA:402,1
DA:403,1
DA:404,1
DA:405,1
DA:406,1
DA:407,1
DA:408,1
DA:409,0
DA:410,0
DA:411,1
DA:413,1
LF:187
LH:123
end_of_record
TN:
SF:zda.go
DA:26,4
DA:27,4
DA:28,4
DA:29,4
DA:30,4
DA:31,4
DA:32,4
DA:33,4
DA:34,4
DA:35,4
DA:36,4
DA:37,4
DA:38,4
DA:41,5
DA:42,6
DA:43,1
DA:44,1
DA:45,4
DA:46,5
DA:47,1
DA:48,1
DA:49,3
DA:50,4
DA:51,1
DA:52,1
DA:53,2
DA:54,3
DA:55,1
DA:56,1
DA:57,1
DA:58,1
DA:59,1
DA:60,1
DA:61,1
DA:62,1
DA:63,1
DA:64,1
DA:65,1
DA:66,1
LF:39
LH:39
end_of_record
TN:
SF:gll.go
DA:25,6
DA:26,6
DA:27,6
DA:28,6
DA:29,6
DA:30,6
DA:31,6
DA:32,6
DA:33,6
DA:34,6
DA:35,6
DA:38,4
DA:39,7
DA:40,5
DA:41,3
DA:42,1
DA:43,1
DA:46,3
LF:18
LH:18
end_of_record
TN:
SF:dbt.go
DA:24,2
DA:25,2
DA:26,2
DA:27,2
DA:28,2
DA:29,2
DA:30,2
DA:31,2
DA:32,2
DA:33,2
DA:36,5
DA:37,7
DA:38,2
DA:39,2
DA:40,4
DA:41,1
DA:42,1
DA:43,3
DA:44,1
DA:45,1
DA:46,1
LF:21
LH:21
end_of_record
TN:
SF:gns.go
DA:44,18
DA:45,18
DA:46,18
DA:47,18
DA:48,18
DA:49,18
DA:50,18
DA:51,18
DA:52,18
DA:53,18
DA:54,18
DA:55,18
DA:56,18
DA:57,18
DA:58,18
DA:59,18
DA:60,18
DA:61,18
DA:64,4
DA:65,4
DA:66,4
DA:67,4
DA:68,4
DA:69,4
DA:70,4
DA:71,4
DA:72,4
DA:73,4
DA:74,4
DA:75,8
DA:76,8
DA:77,8
DA:78,7
DA:79,5
DA:80,3
DA:81,1
DA:82,1
DA:88,3
LF:38
LH:38
end_of_record
TN:
SF:mda.go
DA:50,2
DA:51,2
DA:52,2
DA:53,2
DA:54,2
DA:55,2
DA:56,2
DA:57,2
DA:58,2
DA:59,2
DA:60,2
DA:61,2
DA:62,2
DA:63,2
DA:64,2
DA:65,2
DA:66,2
DA:67,2
DA:70,2
DA:71,3
DA:72,1
DA:73,1
DA:74,1
DA:78,2
DA:79,3
DA:80,1
DA:81,1
DA:82,1
DA:86,3
DA:87,4
DA:88,1
DA:89,1
DA:90,3
DA:91,1
DA:92,1
DA:93,1
DA:97,2
DA:98,3
DA:99,1
DA:100,1
DA:101,1
DA:105,2
DA:106,3
DA:107,1
DA:108,1
DA:109,1
DA:113,2
DA:114,3
DA:115,1
DA:116,1
DA:117,1
DA:121,4
DA:122,6
DA:123,2
DA:124,2
DA:125,3
DA:126,1
DA:127,1
DA:128,1
DA:132,2
DA:133,3
DA:134,1
DA:135,1
DA:136,1
LF:64
LH:64
end_of_record
TN:
SF:dbs.go
DA:24,2
DA:25,2
DA:26,2
DA:27,2
DA:28,2
DA:29,2
DA:30,2
DA:31,2
DA:32,2
DA:33,2
DA:36,5
DA:37,7
DA:38,2
DA:39,2
DA:40,4
DA:41,1
DA:42,1
DA:43,3
DA:44,1
DA:45,1
DA:46,1
LF:21
LH:21
end_of_record
TN:
SF:wpl.go
DA:17,6
DA:18,6
DA:19,6
DA:20,6
DA:21,6
DA:22,6
DA:23,6
DA:24,6
DA:25,6
DA:26,6
LF:10
LH:10
end_of_record
TN:
SF:ths.go
DA:33,14
DA:34,14
DA:35,14
DA:36,14
DA:37,14
DA:38,14
DA:39,14
DA:40,14
DA:41,14
DA:42,14
DA:45,3
DA:46,4
DA:47,1
DA:48,1
DA:49,2
LF:15
LH:15
end_of_record
